%!Adobe-FontList 1.14
%Locale:0x412

%BeginFont
Handler:DirectoryHandler
FontType:CID
FontName:NotoSansKR-Black
FamilyName:Noto Sans KR
StyleName:Black
FullName:Noto Sans KR Black
MenuName:Noto Sans KR Black
StyleBits:0
FamilyNameNative:
StyleNameNative:Black
FullNameNative:
WritingScript:Korean
OutlineFileName:C:\Users\Administrator\Desktop\projectWOOM\Font\NotoSansKR-Black.otf
DataFormat:sfntData
isCFF:yes
FileLength:2528044
FileModTime:1511927730
WeightClass:900
WidthClass:5
AngleClass:0
%EndFont

%BeginFont
Handler:DirectoryHandler
FontType:Invalid
OutlineFileName:C:\Users\Administrator\Desktop\projectWOOM\Font\NotoSansKR-Black.woff
FileModTime:1511927724
%EndFont

%BeginFont
Handler:DirectoryHandler
FontType:Invalid
OutlineFileName:C:\Users\Administrator\Desktop\projectWOOM\Font\NotoSansKR-Black.woff2
FileModTime:1511927714
%EndFont

%BeginFont
Handler:DirectoryHandler
FontType:CID
FontName:NotoSansKR-Bold
FamilyName:Noto Sans KR
StyleName:Bold
FullName:Noto Sans KR Bold
MenuName:Noto Sans KR Bold
StyleBits:0
FamilyNameNative:
StyleNameNative:Bold
FullNameNative:
WritingScript:Korean
OutlineFileName:C:\Users\Administrator\Desktop\projectWOOM\Font\NotoSansKR-Bold.otf
DataFormat:sfntData
isCFF:yes
FileLength:2334228
FileModTime:1511927709
WeightClass:700
WidthClass:5
AngleClass:0
%EndFont

%BeginFont
Handler:DirectoryHandler
FontType:Invalid
OutlineFileName:C:\Users\Administrator\Desktop\projectWOOM\Font\NotoSansKR-Bold.woff
FileModTime:1511927703
%EndFont

%BeginFont
Handler:DirectoryHandler
FontType:Invalid
OutlineFileName:C:\Users\Administrator\Desktop\projectWOOM\Font\NotoSansKR-Bold.woff2
FileModTime:1511927697
%EndFont

%BeginFont
Handler:DirectoryHandler
FontType:CID
FontName:NotoSansKR-Light
FamilyName:Noto Sans KR
StyleName:Light
FullName:Noto Sans KR Light
MenuName:Noto Sans KR Light
StyleBits:0
FamilyNameNative:
StyleNameNative:Light
FullNameNative:
WritingScript:Korean
OutlineFileName:C:\Users\Administrator\Desktop\projectWOOM\Font\NotoSansKR-Light.otf
DataFormat:sfntData
isCFF:yes
FileLength:2245792
FileModTime:1511927649
WeightClass:300
WidthClass:5
AngleClass:0
%EndFont

%BeginFont
Handler:DirectoryHandler
FontType:Invalid
OutlineFileName:C:\Users\Administrator\Desktop\projectWOOM\Font\NotoSansKR-Light.woff
FileModTime:1511927643
%EndFont

%BeginFont
Handler:DirectoryHandler
FontType:Invalid
OutlineFileName:C:\Users\Administrator\Desktop\projectWOOM\Font\NotoSansKR-Light.woff2
FileModTime:1511927635
%EndFont

%BeginFont
Handler:DirectoryHandler
FontType:CID
FontName:NotoSansKR-Medium
FamilyName:Noto Sans KR
StyleName:Medium
FullName:Noto Sans KR Medium
MenuName:Noto Sans KR Medium
StyleBits:0
FamilyNameNative:
StyleNameNative:Medium
FullNameNative:
WritingScript:Korean
OutlineFileName:C:\Users\Administrator\Desktop\projectWOOM\Font\NotoSansKR-Medium.otf
DataFormat:sfntData
isCFF:yes
FileLength:2230776
FileModTime:1511927690
WeightClass:500
WidthClass:5
AngleClass:0
%EndFont

%BeginFont
Handler:DirectoryHandler
FontType:Invalid
OutlineFileName:C:\Users\Administrator\Desktop\projectWOOM\Font\NotoSansKR-Medium.woff
FileModTime:1511927683
%EndFont

%BeginFont
Handler:DirectoryHandler
FontType:Invalid
OutlineFileName:C:\Users\Administrator\Desktop\projectWOOM\Font\NotoSansKR-Medium.woff2
FileModTime:1511927674
%EndFont

%BeginFont
Handler:DirectoryHandler
FontType:CID
FontName:NotoSansKR-Regular
FamilyName:Noto Sans KR
StyleName:Regular
FullName:Noto Sans KR
MenuName:Noto Sans KR Regular
StyleBits:0
FamilyNameNative:
StyleNameNative:Regular
FullNameNative:
WritingScript:Korean
OutlineFileName:C:\Users\Administrator\Desktop\projectWOOM\Font\NotoSansKR-Regular.otf
DataFormat:sfntData
isCFF:yes
FileLength:2227668
FileModTime:1511927669
WeightClass:400
WidthClass:5
AngleClass:0
%EndFont

%BeginFont
Handler:DirectoryHandler
FontType:Invalid
OutlineFileName:C:\Users\Administrator\Desktop\projectWOOM\Font\NotoSansKR-Regular.woff
FileModTime:1511927662
%EndFont

%BeginFont
Handler:DirectoryHandler
FontType:Invalid
OutlineFileName:C:\Users\Administrator\Desktop\projectWOOM\Font\NotoSansKR-Regular.woff2
FileModTime:1511927656
%EndFont

%BeginFont
Handler:DirectoryHandler
FontType:CID
FontName:NotoSansKR-Thin
FamilyName:Noto Sans KR
StyleName:Thin
FullName:Noto Sans KR Thin
MenuName:Noto Sans KR Thin
StyleBits:0
FamilyNameNative:
StyleNameNative:Thin
FullNameNative:
WritingScript:Korean
OutlineFileName:C:\Users\Administrator\Desktop\projectWOOM\Font\NotoSansKR-Thin.otf
DataFormat:sfntData
isCFF:yes
FileLength:2265760
FileModTime:1511927627
WeightClass:250
WidthClass:5
AngleClass:0
%EndFont

%BeginFont
Handler:DirectoryHandler
FontType:Invalid
OutlineFileName:C:\Users\Administrator\Desktop\projectWOOM\Font\NotoSansKR-Thin.woff
FileModTime:1511927614
%EndFont

%BeginFont
Handler:DirectoryHandler
FontType:Invalid
OutlineFileName:C:\Users\Administrator\Desktop\projectWOOM\Font\NotoSansKR-Thin.woff2
FileModTime:1511927603
%EndFont

